<?xml version="1.0" encoding="UTF-8"?>
<testsuite xmlns:xsi="http://www.w3.org/2001/XMLSchema-instance" xsi:noNamespaceSchemaLocation="https://maven.apache.org/surefire/maven-surefire-plugin/xsd/surefire-test-report-3.0.xsd" version="3.0" name="com.example.tictactoe.service.GameServiceTest" time="0.446" tests="7" errors="0" skipped="0" failures="0">
  <properties>
[...]
</properties>
  <testcase name="testResetScores" classname="com.example.tictactoe.service.GameServiceTest" time="0.409"/>
  <testcase name="testInitScoresFromDb" classname="com.example.tictactoe.service.GameServiceTest" time="0.013"/>
  <testcase name="testValidMove" classname="com.example.tictactoe.service.GameServiceTest" time="0.0"/>
  <testcase name="testHorizontalWinForX" classname="com.example.tictactoe.service.GameServiceTest" time="0.008"/>
  <testcase name="testOutOfBoundsMove" classname="com.example.tictactoe.service.GameServiceTest" time="0.003"/>
  <testcase name="testInitialState" classname="com.example.tictactoe.service.GameServiceTest" time="0.003"/>
  <testcase name="testOccupiedCellMove" classname="com.example.tictactoe.service.GameServiceTest" time="0.005"/>
</testsuite>